<?xml version="1.0" encoding="UTF-8"?>
<!-- Generated by org.testng.reporters.JUnitReportReporter -->
<testsuite hostname="SOMESH-VERENKAR-007" failures="0" tests="4" name="ProductTestCases.ProductTest" time="17.806" errors="0" timestamp="2022-01-29T22:36:17 IST" skipped="0">
  <testcase classname="ProductTestCases.ProductTest" name="deleteProductTest" time="6.521"/>
  <system-out/>
  <testcase classname="ProductTestCases.ProductTest" name="createProductTest" time="4.163"/>
  <system-out/>
  <testcase classname="ProductTestCases.ProductTest" name="viewProductsTest" time="2.909"/>
  <system-out/>
  <testcase classname="ProductTestCases.ProductTest" name="updateProductTest" time="4.213"/>
  <system-out/>
</testsuite> <!-- ProductTestCases.ProductTest -->
